Traceback (most recent call last):
  File "/opt/hostedtoolcache/Python/3.12.5/x64/lib/python3.12/site-packages/jupyter_cache/executors/utils.py", line 58, in single_nb_execution
    executenb(
  File "/opt/hostedtoolcache/Python/3.12.5/x64/lib/python3.12/site-packages/nbclient/client.py", line 1314, in execute
    return NotebookClient(nb=nb, resources=resources, km=km, **kwargs).execute()
           ^^^^^^^^^^^^^^^^^^^^^^^^^^^^^^^^^^^^^^^^^^^^^^^^^^^^^^^^^^^^^^^^^^^^^
  File "/opt/hostedtoolcache/Python/3.12.5/x64/lib/python3.12/site-packages/jupyter_core/utils/__init__.py", line 165, in wrapped
    return loop.run_until_complete(inner)
           ^^^^^^^^^^^^^^^^^^^^^^^^^^^^^^
  File "/opt/hostedtoolcache/Python/3.12.5/x64/lib/python3.12/asyncio/base_events.py", line 687, in run_until_complete
    return future.result()
           ^^^^^^^^^^^^^^^
  File "/opt/hostedtoolcache/Python/3.12.5/x64/lib/python3.12/site-packages/nbclient/client.py", line 709, in async_execute
    await self.async_execute_cell(
  File "/opt/hostedtoolcache/Python/3.12.5/x64/lib/python3.12/site-packages/nbclient/client.py", line 1062, in async_execute_cell
    await self._check_raise_for_error(cell, cell_index, exec_reply)
  File "/opt/hostedtoolcache/Python/3.12.5/x64/lib/python3.12/site-packages/nbclient/client.py", line 918, in _check_raise_for_error
    raise CellExecutionError.from_cell_and_msg(cell, exec_reply_content)
nbclient.exceptions.CellExecutionError: An error occurred while executing the following cell:
------------------
train_dir = DATA_DIR + "animal_faces/train" # training data
file_names = [image_file for image_file in glob.glob(train_dir + "/*/*.jpg")]
n_images = len(file_names)
BATCH_SIZE = n_images  # because our dataset is quite small
X_anim_train, y_train = read_img_dataset(train_dir)
n_images
------------------


[0;31m---------------------------------------------------------------------------[0m
[0;31mFileNotFoundError[0m                         Traceback (most recent call last)
Cell [0;32mIn[6], line 5[0m
[1;32m      3[0m n_images [38;5;241m=[39m [38;5;28mlen[39m(file_names)
[1;32m      4[0m BATCH_SIZE [38;5;241m=[39m n_images  [38;5;66;03m# because our dataset is quite small[39;00m
[0;32m----> 5[0m X_anim_train, y_train [38;5;241m=[39m [43mread_img_dataset[49m[43m([49m[43mtrain_dir[49m[43m)[49m
[1;32m      6[0m n_images

Cell [0;32mIn[4], line 21[0m, in [0;36mread_img_dataset[0;34m(data_dir)[0m
[1;32m      4[0m [38;5;250m[39m[38;5;124;03m"""[39;00m
[1;32m      5[0m [38;5;124;03mReads and preprocesses an image dataset from the specified directory.[39;00m
[1;32m      6[0m 
[0;32m   (...)[0m
[1;32m     12[0m [38;5;124;03m    classes (Tensor): The corresponding class labels for the input images.[39;00m
[1;32m     13[0m [38;5;124;03m"""[39;00m    
[1;32m     14[0m data_transforms [38;5;241m=[39m transforms[38;5;241m.[39mCompose(
[1;32m     15[0m     [
[1;32m     16[0m         transforms[38;5;241m.[39mResize((IMAGE_SIZE, IMAGE_SIZE)),     
[1;32m     17[0m         transforms[38;5;241m.[39mToTensor(),
[1;32m     18[0m         transforms[38;5;241m.[39mNormalize([[38;5;241m0.5[39m, [38;5;241m0.5[39m, [38;5;241m0.5[39m], [[38;5;241m0.5[39m, [38;5;241m0.5[39m, [38;5;241m0.5[39m]),            
[1;32m     19[0m     ])
[0;32m---> 21[0m image_dataset [38;5;241m=[39m [43mdatasets[49m[38;5;241;43m.[39;49m[43mImageFolder[49m[43m([49m[43mroot[49m[38;5;241;43m=[39;49m[43mdata_dir[49m[43m,[49m[43m [49m[43mtransform[49m[38;5;241;43m=[39;49m[43mdata_transforms[49m[43m)[49m
[1;32m     22[0m dataloader [38;5;241m=[39m torch[38;5;241m.[39mutils[38;5;241m.[39mdata[38;5;241m.[39mDataLoader(
[1;32m     23[0m      image_dataset, batch_size[38;5;241m=[39mBATCH_SIZE, shuffle[38;5;241m=[39m[38;5;28;01mTrue[39;00m, num_workers[38;5;241m=[39m[38;5;241m0[39m 
[1;32m     24[0m )
[1;32m     25[0m dataset_size [38;5;241m=[39m [38;5;28mlen[39m(image_dataset)

File [0;32m/opt/hostedtoolcache/Python/3.12.5/x64/lib/python3.12/site-packages/torchvision/datasets/folder.py:328[0m, in [0;36mImageFolder.__init__[0;34m(self, root, transform, target_transform, loader, is_valid_file, allow_empty)[0m
[1;32m    319[0m [38;5;28;01mdef[39;00m [38;5;21m__init__[39m(
[1;32m    320[0m     [38;5;28mself[39m,
[1;32m    321[0m     root: [38;5;28mstr[39m,
[0;32m   (...)[0m
[1;32m    326[0m     allow_empty: [38;5;28mbool[39m [38;5;241m=[39m [38;5;28;01mFalse[39;00m,
[1;32m    327[0m ):
[0;32m--> 328[0m     [38;5;28;43msuper[39;49m[43m([49m[43m)[49m[38;5;241;43m.[39;49m[38;5;21;43m__init__[39;49m[43m([49m
[1;32m    329[0m [43m        [49m[43mroot[49m[43m,[49m
[1;32m    330[0m [43m        [49m[43mloader[49m[43m,[49m
[1;32m    331[0m [43m        [49m[43mIMG_EXTENSIONS[49m[43m [49m[38;5;28;43;01mif[39;49;00m[43m [49m[43mis_valid_file[49m[43m [49m[38;5;129;43;01mis[39;49;00m[43m [49m[38;5;28;43;01mNone[39;49;00m[43m [49m[38;5;28;43;01melse[39;49;00m[43m [49m[38;5;28;43;01mNone[39;49;00m[43m,[49m
[1;32m    332[0m [43m        [49m[43mtransform[49m[38;5;241;43m=[39;49m[43mtransform[49m[43m,[49m
[1;32m    333[0m [43m        [49m[43mtarget_transform[49m[38;5;241;43m=[39;49m[43mtarget_transform[49m[43m,[49m
[1;32m    334[0m [43m        [49m[43mis_valid_file[49m[38;5;241;43m=[39;49m[43mis_valid_file[49m[43m,[49m
[1;32m    335[0m [43m        [49m[43mallow_empty[49m[38;5;241;43m=[39;49m[43mallow_empty[49m[43m,[49m
[1;32m    336[0m [43m    [49m[43m)[49m
[1;32m    337[0m     [38;5;28mself[39m[38;5;241m.[39mimgs [38;5;241m=[39m [38;5;28mself[39m[38;5;241m.[39msamples

File [0;32m/opt/hostedtoolcache/Python/3.12.5/x64/lib/python3.12/site-packages/torchvision/datasets/folder.py:149[0m, in [0;36mDatasetFolder.__init__[0;34m(self, root, loader, extensions, transform, target_transform, is_valid_file, allow_empty)[0m
[1;32m    138[0m [38;5;28;01mdef[39;00m [38;5;21m__init__[39m(
[1;32m    139[0m     [38;5;28mself[39m,
[1;32m    140[0m     root: Union[[38;5;28mstr[39m, Path],
[0;32m   (...)[0m
[1;32m    146[0m     allow_empty: [38;5;28mbool[39m [38;5;241m=[39m [38;5;28;01mFalse[39;00m,
[1;32m    147[0m ) [38;5;241m-[39m[38;5;241m>[39m [38;5;28;01mNone[39;00m:
[1;32m    148[0m     [38;5;28msuper[39m()[38;5;241m.[39m[38;5;21m__init__[39m(root, transform[38;5;241m=[39mtransform, target_transform[38;5;241m=[39mtarget_transform)
[0;32m--> 149[0m     classes, class_to_idx [38;5;241m=[39m [38;5;28;43mself[39;49m[38;5;241;43m.[39;49m[43mfind_classes[49m[43m([49m[38;5;28;43mself[39;49m[38;5;241;43m.[39;49m[43mroot[49m[43m)[49m
[1;32m    150[0m     samples [38;5;241m=[39m [38;5;28mself[39m[38;5;241m.[39mmake_dataset(
[1;32m    151[0m         [38;5;28mself[39m[38;5;241m.[39mroot,
[1;32m    152[0m         class_to_idx[38;5;241m=[39mclass_to_idx,
[0;32m   (...)[0m
[1;32m    155[0m         allow_empty[38;5;241m=[39mallow_empty,
[1;32m    156[0m     )
[1;32m    158[0m     [38;5;28mself[39m[38;5;241m.[39mloader [38;5;241m=[39m loader

File [0;32m/opt/hostedtoolcache/Python/3.12.5/x64/lib/python3.12/site-packages/torchvision/datasets/folder.py:234[0m, in [0;36mDatasetFolder.find_classes[0;34m(self, directory)[0m
[1;32m    207[0m [38;5;28;01mdef[39;00m [38;5;21mfind_classes[39m([38;5;28mself[39m, directory: Union[[38;5;28mstr[39m, Path]) [38;5;241m-[39m[38;5;241m>[39m Tuple[List[[38;5;28mstr[39m], Dict[[38;5;28mstr[39m, [38;5;28mint[39m]]:
[1;32m    208[0m [38;5;250m    [39m[38;5;124;03m"""Find the class folders in a dataset structured as follows::[39;00m
[1;32m    209[0m 
[1;32m    210[0m [38;5;124;03m        directory/[39;00m
[0;32m   (...)[0m
[1;32m    232[0m [38;5;124;03m        (Tuple[List[str], Dict[str, int]]): List of all classes and dictionary mapping each class to an index.[39;00m
[1;32m    233[0m [38;5;124;03m    """[39;00m
[0;32m--> 234[0m     [38;5;28;01mreturn[39;00m [43mfind_classes[49m[43m([49m[43mdirectory[49m[43m)[49m

File [0;32m/opt/hostedtoolcache/Python/3.12.5/x64/lib/python3.12/site-packages/torchvision/datasets/folder.py:41[0m, in [0;36mfind_classes[0;34m(directory)[0m
[1;32m     36[0m [38;5;28;01mdef[39;00m [38;5;21mfind_classes[39m(directory: Union[[38;5;28mstr[39m, Path]) [38;5;241m-[39m[38;5;241m>[39m Tuple[List[[38;5;28mstr[39m], Dict[[38;5;28mstr[39m, [38;5;28mint[39m]]:
[1;32m     37[0m [38;5;250m    [39m[38;5;124;03m"""Finds the class folders in a dataset.[39;00m
[1;32m     38[0m 
[1;32m     39[0m [38;5;124;03m    See :class:`DatasetFolder` for details.[39;00m
[1;32m     40[0m [38;5;124;03m    """[39;00m
[0;32m---> 41[0m     classes [38;5;241m=[39m [38;5;28msorted[39m(entry[38;5;241m.[39mname [38;5;28;01mfor[39;00m entry [38;5;129;01min[39;00m [43mos[49m[38;5;241;43m.[39;49m[43mscandir[49m[43m([49m[43mdirectory[49m[43m)[49m [38;5;28;01mif[39;00m entry[38;5;241m.[39mis_dir())
[1;32m     42[0m     [38;5;28;01mif[39;00m [38;5;129;01mnot[39;00m classes:
[1;32m     43[0m         [38;5;28;01mraise[39;00m [38;5;167;01mFileNotFoundError[39;00m([38;5;124mf[39m[38;5;124m"[39m[38;5;124mCouldn[39m[38;5;124m'[39m[38;5;124mt find any class folder in [39m[38;5;132;01m{[39;00mdirectory[38;5;132;01m}[39;00m[38;5;124m.[39m[38;5;124m"[39m)

[0;31mFileNotFoundError[0m: [Errno 2] No such file or directory: '/home/runner/work/cpsc330-2024W1/cpsc330-2024W1/lectures/102-Varada-lectures/../data/animal_faces/train'

